02 jun. 2024 10:43:26,473 INFO  [main] (org.apache.flume.conf.FlumeConfiguration$AgentConfiguration.addProperty:1117)  - Added sinks: sum Agent: ag
02 jun. 2024 10:43:26,478 INFO  [main] (org.apache.flume.conf.FlumeConfiguration$AgentConfiguration.addComponentConfig:1203)  - Processing:can1
02 jun. 2024 10:43:26,479 INFO  [main] (org.apache.flume.conf.FlumeConfiguration$AgentConfiguration.addComponentConfig:1203)  - Processing:can1
02 jun. 2024 10:43:26,480 INFO  [main] (org.apache.flume.conf.FlumeConfiguration$AgentConfiguration.addComponentConfig:1203)  - Processing:sum
02 jun. 2024 10:43:26,482 INFO  [main] (org.apache.flume.conf.FlumeConfiguration$AgentConfiguration.addComponentConfig:1203)  - Processing:fuente
02 jun. 2024 10:43:26,482 INFO  [main] (org.apache.flume.conf.FlumeConfiguration$AgentConfiguration.addComponentConfig:1203)  - Processing:fuente
02 jun. 2024 10:43:26,482 INFO  [main] (org.apache.flume.conf.FlumeConfiguration$AgentConfiguration.addComponentConfig:1203)  - Processing:sum
02 jun. 2024 10:43:26,483 INFO  [main] (org.apache.flume.conf.FlumeConfiguration$AgentConfiguration.addComponentConfig:1203)  - Processing:can1
02 jun. 2024 10:43:26,483 INFO  [main] (org.apache.flume.conf.FlumeConfiguration$AgentConfiguration.addComponentConfig:1203)  - Processing:fuente
02 jun. 2024 10:43:26,483 INFO  [main] (org.apache.flume.conf.FlumeConfiguration$AgentConfiguration.addComponentConfig:1203)  - Processing:sum
02 jun. 2024 10:43:26,484 INFO  [main] (org.apache.flume.conf.FlumeConfiguration$AgentConfiguration.addComponentConfig:1203)  - Processing:sum
02 jun. 2024 10:43:26,485 INFO  [main] (org.apache.flume.conf.FlumeConfiguration$AgentConfiguration.addComponentConfig:1203)  - Processing:sum
02 jun. 2024 10:43:26,485 INFO  [main] (org.apache.flume.conf.FlumeConfiguration$AgentConfiguration.addComponentConfig:1203)  - Processing:sum
02 jun. 2024 10:43:26,485 INFO  [main] (org.apache.flume.conf.FlumeConfiguration$AgentConfiguration.addComponentConfig:1203)  - Processing:sum
02 jun. 2024 10:43:26,485 INFO  [main] (org.apache.flume.conf.FlumeConfiguration$AgentConfiguration.addComponentConfig:1203)  - Processing:sum
02 jun. 2024 10:43:26,485 WARN  [main] (org.apache.flume.conf.FlumeConfiguration$AgentConfiguration.validateConfigFilterSet:623)  - Agent configuration for 'ag' has no configfilters.
02 jun. 2024 10:43:26,510 INFO  [main] (org.apache.flume.conf.FlumeConfiguration.validateConfiguration:163)  - Post-validation flume configuration contains configuration for agents: [ag]
02 jun. 2024 10:43:26,510 INFO  [main] (org.apache.flume.node.AbstractConfigurationProvider.loadChannels:154)  - Creating channels
02 jun. 2024 10:43:26,534 INFO  [main] (org.apache.flume.channel.DefaultChannelFactory.create:42)  - Creating instance of channel can1 type memory
02 jun. 2024 10:43:26,538 INFO  [main] (org.apache.flume.node.AbstractConfigurationProvider.loadChannels:208)  - Created channel can1
02 jun. 2024 10:43:26,538 INFO  [main] (org.apache.flume.source.DefaultSourceFactory.create:41)  - Creating instance of source fuente, type exec
02 jun. 2024 10:43:26,557 INFO  [main] (org.apache.flume.sink.DefaultSinkFactory.create:42)  - Creating instance of sink: sum, type: hdfs
02 jun. 2024 10:43:26,566 INFO  [main] (org.apache.flume.node.AbstractConfigurationProvider.getConfiguration:123)  - Channel can1 connected to [fuente, sum]
02 jun. 2024 10:43:26,566 INFO  [main] (org.apache.flume.node.Application.initializeAllComponents:177)  - Initializing components
02 jun. 2024 10:43:26,570 INFO  [main] (org.apache.flume.node.Application.startAllComponents:207)  - Starting new configuration:{ sourceRunners:{fuente=EventDrivenSourceRunner: { source:org.apache.flume.source.ExecSource{name:fuente,state:IDLE} }} sinkRunners:{sum=SinkRunner: { policy:org.apache.flume.sink.DefaultSinkProcessor@35fe2125 counterGroup:{ name:null counters:{} } }} channels:{can1=org.apache.flume.channel.MemoryChannel{name: can1}} }
02 jun. 2024 10:43:26,580 INFO  [main] (org.apache.flume.node.Application.startAllComponents:214)  - Starting Channel can1
02 jun. 2024 10:43:26,581 INFO  [main] (org.apache.flume.node.Application.startAllComponents:229)  - Waiting for channel: can1 to start. Sleeping for 500 ms
02 jun. 2024 10:43:26,584 INFO  [lifecycleSupervisor-1-0] (org.apache.flume.instrumentation.MonitoredCounterGroup.register:119)  - Monitored counter group for type: CHANNEL, name: can1: Successfully registered new MBean.
02 jun. 2024 10:43:26,584 INFO  [lifecycleSupervisor-1-0] (org.apache.flume.instrumentation.MonitoredCounterGroup.start:95)  - Component type: CHANNEL, name: can1 started
02 jun. 2024 10:43:27,082 INFO  [main] (org.apache.flume.node.Application.startAllComponents:241)  - Starting Sink sum
02 jun. 2024 10:43:27,084 INFO  [main] (org.apache.flume.node.Application.startAllComponents:252)  - Starting Source fuente
02 jun. 2024 10:43:27,100 INFO  [lifecycleSupervisor-1-1] (org.apache.flume.source.ExecSource.start:170)  - Exec source starting with command: tail -F /home/hadoop/comandos.txt
02 jun. 2024 10:43:27,102 INFO  [lifecycleSupervisor-1-0] (org.apache.flume.instrumentation.MonitoredCounterGroup.register:119)  - Monitored counter group for type: SINK, name: sum: Successfully registered new MBean.
02 jun. 2024 10:43:27,102 INFO  [lifecycleSupervisor-1-0] (org.apache.flume.instrumentation.MonitoredCounterGroup.start:95)  - Component type: SINK, name: sum started
02 jun. 2024 10:43:27,111 INFO  [lifecycleSupervisor-1-1] (org.apache.flume.instrumentation.MonitoredCounterGroup.register:119)  - Monitored counter group for type: SOURCE, name: fuente: Successfully registered new MBean.
02 jun. 2024 10:43:27,111 INFO  [lifecycleSupervisor-1-1] (org.apache.flume.instrumentation.MonitoredCounterGroup.start:95)  - Component type: SOURCE, name: fuente started
02 jun. 2024 10:43:31,123 INFO  [SinkRunner-PollingRunner-DefaultSinkProcessor] (org.apache.flume.sink.hdfs.HDFSDataStream.configure:57)  - Serializer = TEXT, UseRawLocalFileSystem = false
02 jun. 2024 10:43:31,329 INFO  [SinkRunner-PollingRunner-DefaultSinkProcessor] (org.apache.flume.sink.hdfs.BucketWriter.open:246)  - Creating hdfs://sqoop1:9000/bbb_datos//FlumeData.1717325011123.tmp
02 jun. 2024 10:43:31,670 WARN  [hdfs-sum-call-runner-0] (org.apache.hadoop.util.NativeCodeLoader.<clinit>:60)  - Unable to load native-hadoop library for your platform... using builtin-java classes where applicable
02 jun. 2024 10:44:03,138 INFO  [hdfs-sum-roll-timer-0] (org.apache.flume.sink.hdfs.HDFSEventSink$1.run:391)  - Writer callback called.
02 jun. 2024 10:44:03,138 INFO  [hdfs-sum-roll-timer-0] (org.apache.flume.sink.hdfs.BucketWriter.doClose:438)  - Closing hdfs://sqoop1:9000/bbb_datos//FlumeData.1717325011123.tmp
02 jun. 2024 10:44:03,256 INFO  [hdfs-sum-call-runner-3] (org.apache.flume.sink.hdfs.BucketWriter$7.call:681)  - Renaming hdfs://sqoop1:9000/bbb_datos/FlumeData.1717325011123.tmp to hdfs://sqoop1:9000/bbb_datos/FlumeData.1717325011123
02 jun. 2024 10:46:06,465 INFO  [SinkRunner-PollingRunner-DefaultSinkProcessor] (org.apache.flume.sink.hdfs.HDFSDataStream.configure:57)  - Serializer = TEXT, UseRawLocalFileSystem = false
02 jun. 2024 10:46:06,509 INFO  [SinkRunner-PollingRunner-DefaultSinkProcessor] (org.apache.flume.sink.hdfs.BucketWriter.open:246)  - Creating hdfs://sqoop1:9000/bbb_datos//FlumeData.1717325166465.tmp
02 jun. 2024 10:46:36,585 INFO  [hdfs-sum-roll-timer-0] (org.apache.flume.sink.hdfs.HDFSEventSink$1.run:391)  - Writer callback called.
02 jun. 2024 10:46:36,585 INFO  [hdfs-sum-roll-timer-0] (org.apache.flume.sink.hdfs.BucketWriter.doClose:438)  - Closing hdfs://sqoop1:9000/bbb_datos//FlumeData.1717325166465.tmp
02 jun. 2024 10:46:36,625 INFO  [hdfs-sum-call-runner-7] (org.apache.flume.sink.hdfs.BucketWriter$7.call:681)  - Renaming hdfs://sqoop1:9000/bbb_datos/FlumeData.1717325166465.tmp to hdfs://sqoop1:9000/bbb_datos/FlumeData.1717325166465
02 jun. 2024 10:49:03,694 INFO  [SinkRunner-PollingRunner-DefaultSinkProcessor] (org.apache.flume.sink.hdfs.HDFSDataStream.configure:57)  - Serializer = TEXT, UseRawLocalFileSystem = false
02 jun. 2024 10:49:03,729 INFO  [SinkRunner-PollingRunner-DefaultSinkProcessor] (org.apache.flume.sink.hdfs.BucketWriter.open:246)  - Creating hdfs://sqoop1:9000/bbb_datos//FlumeData.1717325343695.tmp
02 jun. 2024 10:49:33,793 INFO  [hdfs-sum-roll-timer-0] (org.apache.flume.sink.hdfs.HDFSEventSink$1.run:391)  - Writer callback called.
02 jun. 2024 10:49:33,793 INFO  [hdfs-sum-roll-timer-0] (org.apache.flume.sink.hdfs.BucketWriter.doClose:438)  - Closing hdfs://sqoop1:9000/bbb_datos//FlumeData.1717325343695.tmp
02 jun. 2024 10:49:33,830 INFO  [hdfs-sum-call-runner-1] (org.apache.flume.sink.hdfs.BucketWriter$7.call:681)  - Renaming hdfs://sqoop1:9000/bbb_datos/FlumeData.1717325343695.tmp to hdfs://sqoop1:9000/bbb_datos/FlumeData.1717325343695
